Analysis & Synthesis report for realclock
Thu May 18 15:18:41 2017
Quartus II 64-Bit Version 13.0.1 Build 232 06/12/2013 Service Pack 1 SJ Web Edition


---------------------
; Table of Contents ;
---------------------
  1. Legal Notice
  2. Analysis & Synthesis Summary
  3. Analysis & Synthesis Settings
  4. Parallel Compilation
  5. Analysis & Synthesis Source Files Read
  6. Analysis & Synthesis Resource Usage Summary
  7. Analysis & Synthesis Resource Utilization by Entity
  8. User-Specified and Inferred Latches
  9. Registers Removed During Synthesis
 10. General Register Statistics
 11. Inverted Register Statistics
 12. Multiplexer Restructuring Statistics (Restructuring Performed)
 13. Parameter Settings for User Entity Instance: basicclock:inst3
 14. Parameter Settings for Inferred Entity Instance: basicclock:inst3|lpm_divide:Div0
 15. Parameter Settings for Inferred Entity Instance: basicclock:inst3|lpm_divide:Mod0
 16. Parameter Settings for Inferred Entity Instance: basicclock:inst3|lpm_divide:Mod1
 17. Parameter Settings for Inferred Entity Instance: basicclock:inst3|lpm_divide:Div1
 18. Elapsed Time Per Partition
 19. Analysis & Synthesis Messages
 20. Analysis & Synthesis Suppressed Messages



----------------
; Legal Notice ;
----------------
Copyright (C) 1991-2013 Altera Corporation
Your use of Altera Corporation's design tools, logic functions 
and other software and tools, and its AMPP partner logic 
functions, and any output files from any of the foregoing 
(including device programming or simulation files), and any 
associated documentation or information are expressly subject 
to the terms and conditions of the Altera Program License 
Subscription Agreement, Altera MegaCore Function License 
Agreement, or other applicable license agreement, including, 
without limitation, that your use is for the sole purpose of 
programming logic devices manufactured by Altera and sold by 
Altera or its authorized distributors.  Please refer to the 
applicable agreement for further details.



+--------------------------------------------------------------------------------------+
; Analysis & Synthesis Summary                                                         ;
+------------------------------------+-------------------------------------------------+
; Analysis & Synthesis Status        ; Successful - Thu May 18 15:18:41 2017           ;
; Quartus II 64-Bit Version          ; 13.0.1 Build 232 06/12/2013 SP 1 SJ Web Edition ;
; Revision Name                      ; realclock                                       ;
; Top-level Entity Name              ; realclock                                       ;
; Family                             ; Cyclone II                                      ;
; Total logic elements               ; 412                                             ;
;     Total combinational functions  ; 406                                             ;
;     Dedicated logic registers      ; 126                                             ;
; Total registers                    ; 126                                             ;
; Total pins                         ; 15                                              ;
; Total virtual pins                 ; 0                                               ;
; Total memory bits                  ; 0                                               ;
; Embedded Multiplier 9-bit elements ; 0                                               ;
; Total PLLs                         ; 0                                               ;
+------------------------------------+-------------------------------------------------+


+----------------------------------------------------------------------------------------------------------------------+
; Analysis & Synthesis Settings                                                                                        ;
+----------------------------------------------------------------------------+--------------------+--------------------+
; Option                                                                     ; Setting            ; Default Value      ;
+----------------------------------------------------------------------------+--------------------+--------------------+
; Device                                                                     ; EP2C8T144C8        ;                    ;
; Top-level entity name                                                      ; realclock          ; realclock          ;
; Family name                                                                ; Cyclone II         ; Cyclone IV GX      ;
; Use smart compilation                                                      ; Off                ; Off                ;
; Enable parallel Assembler and TimeQuest Timing Analyzer during compilation ; On                 ; On                 ;
; Enable compact report table                                                ; Off                ; Off                ;
; Restructure Multiplexers                                                   ; Auto               ; Auto               ;
; Create Debugging Nodes for IP Cores                                        ; Off                ; Off                ;
; Preserve fewer node names                                                  ; On                 ; On                 ;
; Disable OpenCore Plus hardware evaluation                                  ; Off                ; Off                ;
; Verilog Version                                                            ; Verilog_2001       ; Verilog_2001       ;
; VHDL Version                                                               ; VHDL_1993          ; VHDL_1993          ;
; State Machine Processing                                                   ; Auto               ; Auto               ;
; Safe State Machine                                                         ; Off                ; Off                ;
; Extract Verilog State Machines                                             ; On                 ; On                 ;
; Extract VHDL State Machines                                                ; On                 ; On                 ;
; Ignore Verilog initial constructs                                          ; Off                ; Off                ;
; Iteration limit for constant Verilog loops                                 ; 5000               ; 5000               ;
; Iteration limit for non-constant Verilog loops                             ; 250                ; 250                ;
; Add Pass-Through Logic to Inferred RAMs                                    ; On                 ; On                 ;
; Infer RAMs from Raw Logic                                                  ; On                 ; On                 ;
; Parallel Synthesis                                                         ; On                 ; On                 ;
; DSP Block Balancing                                                        ; Auto               ; Auto               ;
; NOT Gate Push-Back                                                         ; On                 ; On                 ;
; Power-Up Don't Care                                                        ; On                 ; On                 ;
; Remove Redundant Logic Cells                                               ; Off                ; Off                ;
; Remove Duplicate Registers                                                 ; On                 ; On                 ;
; Ignore CARRY Buffers                                                       ; Off                ; Off                ;
; Ignore CASCADE Buffers                                                     ; Off                ; Off                ;
; Ignore GLOBAL Buffers                                                      ; Off                ; Off                ;
; Ignore ROW GLOBAL Buffers                                                  ; Off                ; Off                ;
; Ignore LCELL Buffers                                                       ; Off                ; Off                ;
; Ignore SOFT Buffers                                                        ; On                 ; On                 ;
; Limit AHDL Integers to 32 Bits                                             ; Off                ; Off                ;
; Optimization Technique                                                     ; Balanced           ; Balanced           ;
; Carry Chain Length                                                         ; 70                 ; 70                 ;
; Auto Carry Chains                                                          ; On                 ; On                 ;
; Auto Open-Drain Pins                                                       ; On                 ; On                 ;
; Perform WYSIWYG Primitive Resynthesis                                      ; Off                ; Off                ;
; Auto ROM Replacement                                                       ; On                 ; On                 ;
; Auto RAM Replacement                                                       ; On                 ; On                 ;
; Auto Shift Register Replacement                                            ; Auto               ; Auto               ;
; Allow Shift Register Merging across Hierarchies                            ; Auto               ; Auto               ;
; Auto Clock Enable Replacement                                              ; On                 ; On                 ;
; Strict RAM Replacement                                                     ; Off                ; Off                ;
; Allow Synchronous Control Signals                                          ; On                 ; On                 ;
; Force Use of Synchronous Clear Signals                                     ; Off                ; Off                ;
; Auto RAM to Logic Cell Conversion                                          ; Off                ; Off                ;
; Auto Resource Sharing                                                      ; Off                ; Off                ;
; Allow Any RAM Size For Recognition                                         ; Off                ; Off                ;
; Allow Any ROM Size For Recognition                                         ; Off                ; Off                ;
; Allow Any Shift Register Size For Recognition                              ; Off                ; Off                ;
; Use LogicLock Constraints during Resource Balancing                        ; On                 ; On                 ;
; Ignore translate_off and synthesis_off directives                          ; Off                ; Off                ;
; Timing-Driven Synthesis                                                    ; Off                ; Off                ;
; Report Parameter Settings                                                  ; On                 ; On                 ;
; Report Source Assignments                                                  ; On                 ; On                 ;
; Report Connectivity Checks                                                 ; On                 ; On                 ;
; Ignore Maximum Fan-Out Assignments                                         ; Off                ; Off                ;
; Synchronization Register Chain Length                                      ; 2                  ; 2                  ;
; PowerPlay Power Optimization                                               ; Normal compilation ; Normal compilation ;
; HDL message level                                                          ; Level2             ; Level2             ;
; Suppress Register Optimization Related Messages                            ; Off                ; Off                ;
; Number of Removed Registers Reported in Synthesis Report                   ; 5000               ; 5000               ;
; Number of Swept Nodes Reported in Synthesis Report                         ; 5000               ; 5000               ;
; Number of Inverted Registers Reported in Synthesis Report                  ; 100                ; 100                ;
; Clock MUX Protection                                                       ; On                 ; On                 ;
; Auto Gated Clock Conversion                                                ; Off                ; Off                ;
; Block Design Naming                                                        ; Auto               ; Auto               ;
; SDC constraint protection                                                  ; Off                ; Off                ;
; Synthesis Effort                                                           ; Auto               ; Auto               ;
; Shift Register Replacement - Allow Asynchronous Clear Signal               ; On                 ; On                 ;
; Pre-Mapping Resynthesis Optimization                                       ; Off                ; Off                ;
; Analysis & Synthesis Message Level                                         ; Medium             ; Medium             ;
; Disable Register Merging Across Hierarchies                                ; Auto               ; Auto               ;
; Resource Aware Inference For Block RAM                                     ; On                 ; On                 ;
; Synthesis Seed                                                             ; 1                  ; 1                  ;
+----------------------------------------------------------------------------+--------------------+--------------------+


+------------------------------------------+
; Parallel Compilation                     ;
+----------------------------+-------------+
; Processors                 ; Number      ;
+----------------------------+-------------+
; Number detected on machine ; 4           ;
; Maximum allowed            ; 2           ;
;                            ;             ;
; Average used               ; 1.00        ;
; Maximum used               ; 1           ;
;                            ;             ;
; Usage by Processor         ; % Time Used ;
;     Processor 1            ; 100.0%      ;
;     Processors 2-4         ;   0.0%      ;
+----------------------------+-------------+


+------------------------------------------------------------------------------------------------------------------------------------------------------------------------------------+
; Analysis & Synthesis Source Files Read                                                                                                                                             ;
+----------------------------------+-----------------+------------------------------------+--------------------------------------------------------------------------------+---------+
; File Name with User-Entered Path ; Used in Netlist ; File Type                          ; File Name with Absolute Path                                                   ; Library ;
+----------------------------------+-----------------+------------------------------------+--------------------------------------------------------------------------------+---------+
; en25ms.v                         ; yes             ; User Verilog HDL File              ; /home/kmash/altera/projects/week7/realclock/en25ms.v                           ;         ;
; basicclock.v                     ; yes             ; User Verilog HDL File              ; /home/kmash/altera/projects/week7/realclock/basicclock.v                       ;         ;
; timeset.v                        ; yes             ; User Verilog HDL File              ; /home/kmash/altera/projects/week7/realclock/timeset.v                          ;         ;
; digitleds.v                      ; yes             ; User Verilog HDL File              ; /home/kmash/altera/projects/week7/realclock/digitleds.v                        ;         ;
; scankey.v                        ; yes             ; User Verilog HDL File              ; /home/kmash/altera/projects/week7/realclock/scankey.v                          ;         ;
; realclock.bdf                    ; yes             ; User Block Diagram/Schematic File  ; /home/kmash/altera/projects/week7/realclock/realclock.bdf                      ;         ;
; lpm_divide.tdf                   ; yes             ; Megafunction                       ; /home/kmash/altera/13.0sp1/quartus/libraries/megafunctions/lpm_divide.tdf      ;         ;
; abs_divider.inc                  ; yes             ; Megafunction                       ; /home/kmash/altera/13.0sp1/quartus/libraries/megafunctions/abs_divider.inc     ;         ;
; sign_div_unsign.inc              ; yes             ; Megafunction                       ; /home/kmash/altera/13.0sp1/quartus/libraries/megafunctions/sign_div_unsign.inc ;         ;
; aglobal130.inc                   ; yes             ; Megafunction                       ; /home/kmash/altera/13.0sp1/quartus/libraries/megafunctions/aglobal130.inc      ;         ;
; db/lpm_divide_vcm.tdf            ; yes             ; Auto-Generated Megafunction        ; /home/kmash/altera/projects/week7/realclock/db/lpm_divide_vcm.tdf              ;         ;
; db/sign_div_unsign_9kh.tdf       ; yes             ; Auto-Generated Megafunction        ; /home/kmash/altera/projects/week7/realclock/db/sign_div_unsign_9kh.tdf         ;         ;
; db/alt_u_div_kve.tdf             ; yes             ; Auto-Generated Megafunction        ; /home/kmash/altera/projects/week7/realclock/db/alt_u_div_kve.tdf               ;         ;
; db/add_sub_lkc.tdf               ; yes             ; Auto-Generated Megafunction        ; /home/kmash/altera/projects/week7/realclock/db/add_sub_lkc.tdf                 ;         ;
; db/add_sub_mkc.tdf               ; yes             ; Auto-Generated Megafunction        ; /home/kmash/altera/projects/week7/realclock/db/add_sub_mkc.tdf                 ;         ;
; db/lpm_divide_25m.tdf            ; yes             ; Auto-Generated Megafunction        ; /home/kmash/altera/projects/week7/realclock/db/lpm_divide_25m.tdf              ;         ;
+----------------------------------+-----------------+------------------------------------+--------------------------------------------------------------------------------+---------+


+------------------------------------------------------+
; Analysis & Synthesis Resource Usage Summary          ;
+---------------------------------------------+--------+
; Resource                                    ; Usage  ;
+---------------------------------------------+--------+
; Estimated Total logic elements              ; 412    ;
;                                             ;        ;
; Total combinational functions               ; 406    ;
; Logic element usage by number of LUT inputs ;        ;
;     -- 4 input functions                    ; 114    ;
;     -- 3 input functions                    ; 84     ;
;     -- <=2 input functions                  ; 208    ;
;                                             ;        ;
; Logic elements by mode                      ;        ;
;     -- normal mode                          ; 289    ;
;     -- arithmetic mode                      ; 117    ;
;                                             ;        ;
; Total registers                             ; 126    ;
;     -- Dedicated logic registers            ; 126    ;
;     -- I/O registers                        ; 0      ;
;                                             ;        ;
; I/O pins                                    ; 15     ;
; Embedded Multiplier 9-bit elements          ; 0      ;
; Maximum fan-out node                        ; clk50m ;
; Maximum fan-out                             ; 69     ;
; Total fan-out                               ; 1382   ;
; Average fan-out                             ; 2.53   ;
+---------------------------------------------+--------+


+----------------------------------------------------------------------------------------------------------------------------------------------------------------------------------------------------------------------------------------------------------------------------------------------------+
; Analysis & Synthesis Resource Utilization by Entity                                                                                                                                                                                                                                                ;
+-------------------------------------------+-------------------+--------------+-------------+--------------+---------+-----------+------+--------------+-----------------------------------------------------------------------------------------------------------------------------+--------------+
; Compilation Hierarchy Node                ; LC Combinationals ; LC Registers ; Memory Bits ; DSP Elements ; DSP 9x9 ; DSP 18x18 ; Pins ; Virtual Pins ; Full Hierarchy Name                                                                                                         ; Library Name ;
+-------------------------------------------+-------------------+--------------+-------------+--------------+---------+-----------+------+--------------+-----------------------------------------------------------------------------------------------------------------------------+--------------+
; |realclock                                ; 406 (0)           ; 126 (0)      ; 0           ; 0            ; 0       ; 0         ; 15   ; 0            ; |realclock                                                                                                                  ; work         ;
;    |basicclock:inst3|                     ; 262 (146)         ; 60 (60)      ; 0           ; 0            ; 0       ; 0         ; 0    ; 0            ; |realclock|basicclock:inst3                                                                                                 ; work         ;
;       |lpm_divide:Div0|                   ; 25 (0)            ; 0 (0)        ; 0           ; 0            ; 0       ; 0         ; 0    ; 0            ; |realclock|basicclock:inst3|lpm_divide:Div0                                                                                 ; work         ;
;          |lpm_divide_vcm:auto_generated|  ; 25 (0)            ; 0 (0)        ; 0           ; 0            ; 0       ; 0         ; 0    ; 0            ; |realclock|basicclock:inst3|lpm_divide:Div0|lpm_divide_vcm:auto_generated                                                   ; work         ;
;             |sign_div_unsign_9kh:divider| ; 25 (0)            ; 0 (0)        ; 0           ; 0            ; 0       ; 0         ; 0    ; 0            ; |realclock|basicclock:inst3|lpm_divide:Div0|lpm_divide_vcm:auto_generated|sign_div_unsign_9kh:divider                       ; work         ;
;                |alt_u_div_kve:divider|    ; 25 (25)           ; 0 (0)        ; 0           ; 0            ; 0       ; 0         ; 0    ; 0            ; |realclock|basicclock:inst3|lpm_divide:Div0|lpm_divide_vcm:auto_generated|sign_div_unsign_9kh:divider|alt_u_div_kve:divider ; work         ;
;       |lpm_divide:Div1|                   ; 25 (0)            ; 0 (0)        ; 0           ; 0            ; 0       ; 0         ; 0    ; 0            ; |realclock|basicclock:inst3|lpm_divide:Div1                                                                                 ; work         ;
;          |lpm_divide_vcm:auto_generated|  ; 25 (0)            ; 0 (0)        ; 0           ; 0            ; 0       ; 0         ; 0    ; 0            ; |realclock|basicclock:inst3|lpm_divide:Div1|lpm_divide_vcm:auto_generated                                                   ; work         ;
;             |sign_div_unsign_9kh:divider| ; 25 (0)            ; 0 (0)        ; 0           ; 0            ; 0       ; 0         ; 0    ; 0            ; |realclock|basicclock:inst3|lpm_divide:Div1|lpm_divide_vcm:auto_generated|sign_div_unsign_9kh:divider                       ; work         ;
;                |alt_u_div_kve:divider|    ; 25 (25)           ; 0 (0)        ; 0           ; 0            ; 0       ; 0         ; 0    ; 0            ; |realclock|basicclock:inst3|lpm_divide:Div1|lpm_divide_vcm:auto_generated|sign_div_unsign_9kh:divider|alt_u_div_kve:divider ; work         ;
;       |lpm_divide:Mod0|                   ; 33 (0)            ; 0 (0)        ; 0           ; 0            ; 0       ; 0         ; 0    ; 0            ; |realclock|basicclock:inst3|lpm_divide:Mod0                                                                                 ; work         ;
;          |lpm_divide_25m:auto_generated|  ; 33 (0)            ; 0 (0)        ; 0           ; 0            ; 0       ; 0         ; 0    ; 0            ; |realclock|basicclock:inst3|lpm_divide:Mod0|lpm_divide_25m:auto_generated                                                   ; work         ;
;             |sign_div_unsign_9kh:divider| ; 33 (0)            ; 0 (0)        ; 0           ; 0            ; 0       ; 0         ; 0    ; 0            ; |realclock|basicclock:inst3|lpm_divide:Mod0|lpm_divide_25m:auto_generated|sign_div_unsign_9kh:divider                       ; work         ;
;                |alt_u_div_kve:divider|    ; 33 (33)           ; 0 (0)        ; 0           ; 0            ; 0       ; 0         ; 0    ; 0            ; |realclock|basicclock:inst3|lpm_divide:Mod0|lpm_divide_25m:auto_generated|sign_div_unsign_9kh:divider|alt_u_div_kve:divider ; work         ;
;       |lpm_divide:Mod1|                   ; 33 (0)            ; 0 (0)        ; 0           ; 0            ; 0       ; 0         ; 0    ; 0            ; |realclock|basicclock:inst3|lpm_divide:Mod1                                                                                 ; work         ;
;          |lpm_divide_25m:auto_generated|  ; 33 (0)            ; 0 (0)        ; 0           ; 0            ; 0       ; 0         ; 0    ; 0            ; |realclock|basicclock:inst3|lpm_divide:Mod1|lpm_divide_25m:auto_generated                                                   ; work         ;
;             |sign_div_unsign_9kh:divider| ; 33 (0)            ; 0 (0)        ; 0           ; 0            ; 0       ; 0         ; 0    ; 0            ; |realclock|basicclock:inst3|lpm_divide:Mod1|lpm_divide_25m:auto_generated|sign_div_unsign_9kh:divider                       ; work         ;
;                |alt_u_div_kve:divider|    ; 33 (33)           ; 0 (0)        ; 0           ; 0            ; 0       ; 0         ; 0    ; 0            ; |realclock|basicclock:inst3|lpm_divide:Mod1|lpm_divide_25m:auto_generated|sign_div_unsign_9kh:divider|alt_u_div_kve:divider ; work         ;
;    |digitleds:inst5|                      ; 74 (74)           ; 43 (43)      ; 0           ; 0            ; 0       ; 0         ; 0    ; 0            ; |realclock|digitleds:inst5                                                                                                  ; work         ;
;    |en25ms:inst6|                         ; 9 (9)             ; 7 (7)        ; 0           ; 0            ; 0       ; 0         ; 0    ; 0            ; |realclock|en25ms:inst6                                                                                                     ; work         ;
;    |scanKey:inst|                         ; 14 (14)           ; 16 (16)      ; 0           ; 0            ; 0       ; 0         ; 0    ; 0            ; |realclock|scanKey:inst                                                                                                     ; work         ;
;    |timeset:inst2|                        ; 47 (47)           ; 0 (0)        ; 0           ; 0            ; 0       ; 0         ; 0    ; 0            ; |realclock|timeset:inst2                                                                                                    ; work         ;
+-------------------------------------------+-------------------+--------------+-------------+--------------+---------+-----------+------+--------------+-----------------------------------------------------------------------------------------------------------------------------+--------------+
Note: For table entries with two numbers listed, the numbers in parentheses indicate the number of resources of the given type used by the specific entity alone. The numbers listed outside of parentheses indicate the total resources of the given type used by the specific entity and all of its sub-entities in the hierarchy.


+-------------------------------------------------------------------------------------------------------+
; User-Specified and Inferred Latches                                                                   ;
+----------------------------------------------------+-------------------------+------------------------+
; Latch Name                                         ; Latch Enable Signal     ; Free of Timing Hazards ;
+----------------------------------------------------+-------------------------+------------------------+
; timeset:inst2|pos[0]                               ; timeset:inst2|Selector3 ; yes                    ;
; timeset:inst2|pos[1]                               ; timeset:inst2|Selector3 ; yes                    ;
; timeset:inst2|pos[2]                               ; timeset:inst2|Selector3 ; yes                    ;
; timeset:inst2|digit[3]                             ; timeset:inst2|WideOr3   ; yes                    ;
; timeset:inst2|digit[2]                             ; timeset:inst2|WideOr3   ; yes                    ;
; timeset:inst2|digit[1]                             ; timeset:inst2|WideOr3   ; yes                    ;
; timeset:inst2|flag                                 ; timeset:inst2|WideOr2   ; yes                    ;
; timeset:inst2|digit[0]                             ; timeset:inst2|WideOr3   ; yes                    ;
; Number of user-specified and inferred latches = 8  ;                         ;                        ;
+----------------------------------------------------+-------------------------+------------------------+
Note: All latches listed above may not be present at the end of synthesis due to various synthesis optimizations.


+--------------------------------------------------------------------------------+
; Registers Removed During Synthesis                                             ;
+---------------------------------------+----------------------------------------+
; Register name                         ; Reason for Removal                     ;
+---------------------------------------+----------------------------------------+
; basicclock:inst3|cnt[0]               ; Merged with digitleds:inst5|tictoc[0]  ;
; basicclock:inst3|digit1[3]            ; Stuck at GND due to stuck port data_in ;
; basicclock:inst3|digit3[3]            ; Stuck at GND due to stuck port data_in ;
; Total Number of Removed Registers = 3 ;                                        ;
+---------------------------------------+----------------------------------------+


+------------------------------------------------------+
; General Register Statistics                          ;
+----------------------------------------------+-------+
; Statistic                                    ; Value ;
+----------------------------------------------+-------+
; Total registers                              ; 126   ;
; Number of registers using Synchronous Clear  ; 6     ;
; Number of registers using Synchronous Load   ; 1     ;
; Number of registers using Asynchronous Clear ; 0     ;
; Number of registers using Asynchronous Load  ; 0     ;
; Number of registers using Clock Enable       ; 38    ;
; Number of registers using Preset             ; 0     ;
+----------------------------------------------+-------+


+---------------------------------------------------+
; Inverted Register Statistics                      ;
+-----------------------------------------+---------+
; Inverted Register                       ; Fan out ;
+-----------------------------------------+---------+
; digitleds:inst5|digout[0]               ; 6       ;
; scanKey:inst|row[3]                     ; 5       ;
; scanKey:inst|row[2]                     ; 5       ;
; scanKey:inst|row[1]                     ; 5       ;
; basicclock:inst3|ptflag                 ; 35      ;
; digitleds:inst5|digbuff[0]              ; 3       ;
; digitleds:inst5|digit[0]                ; 8       ;
; digitleds:inst5|digit[1]                ; 8       ;
; basicclock:inst3|hours[0]               ; 3       ;
; basicclock:inst3|hours[4]               ; 8       ;
; basicclock:inst3|hours[2]               ; 8       ;
; basicclock:inst3|hours[1]               ; 7       ;
; basicclock:inst3|minutes[0]             ; 3       ;
; basicclock:inst3|minutes[5]             ; 7       ;
; basicclock:inst3|minutes[4]             ; 9       ;
; basicclock:inst3|minutes[3]             ; 8       ;
; basicclock:inst3|minutes[1]             ; 7       ;
; basicclock:inst3|seconds[1]             ; 2       ;
; basicclock:inst3|seconds[4]             ; 2       ;
; basicclock:inst3|seconds[5]             ; 2       ;
; Total number of inverted registers = 20 ;         ;
+-----------------------------------------+---------+


+------------------------------------------------------------------------------------------------------------------------------------------------------+
; Multiplexer Restructuring Statistics (Restructuring Performed)                                                                                       ;
+--------------------+-----------+---------------+----------------------+------------------------+------------+----------------------------------------+
; Multiplexer Inputs ; Bus Width ; Baseline Area ; Area if Restructured ; Saving if Restructured ; Registered ; Example Multiplexer Output             ;
+--------------------+-----------+---------------+----------------------+------------------------+------------+----------------------------------------+
; 3:1                ; 3 bits    ; 6 LEs         ; 3 LEs                ; 3 LEs                  ; Yes        ; |realclock|basicclock:inst3|seconds[3] ;
; 4:1                ; 6 bits    ; 12 LEs        ; 12 LEs               ; 0 LEs                  ; Yes        ; |realclock|digitleds:inst5|seg[6]      ;
; 16:1               ; 2 bits    ; 20 LEs        ; 4 LEs                ; 16 LEs                 ; Yes        ; |realclock|digitleds:inst5|digit[3]    ;
; 6:1                ; 2 bits    ; 8 LEs         ; 4 LEs                ; 4 LEs                  ; Yes        ; |realclock|basicclock:inst3|hours[3]   ;
; 18:1               ; 3 bits    ; 36 LEs        ; 9 LEs                ; 27 LEs                 ; Yes        ; |realclock|digitleds:inst5|digout[1]   ;
; 3:1                ; 3 bits    ; 6 LEs         ; 3 LEs                ; 3 LEs                  ; Yes        ; |realclock|basicclock:inst3|seconds[5] ;
; 16:1               ; 2 bits    ; 20 LEs        ; 4 LEs                ; 16 LEs                 ; Yes        ; |realclock|digitleds:inst5|digit[0]    ;
; 6:1                ; 4 bits    ; 16 LEs        ; 8 LEs                ; 8 LEs                  ; Yes        ; |realclock|basicclock:inst3|hours[2]   ;
; 11:1               ; 5 bits    ; 35 LEs        ; 10 LEs               ; 25 LEs                 ; Yes        ; |realclock|basicclock:inst3|minutes[5] ;
+--------------------+-----------+---------------+----------------------+------------------------+------------+----------------------------------------+


+----------------------------------------------------------------+
; Parameter Settings for User Entity Instance: basicclock:inst3  ;
+----------------+-----------------------------+-----------------+
; Parameter Name ; Value                       ; Type            ;
+----------------+-----------------------------+-----------------+
; halfsecond     ; 001011111010111100000111111 ; Unsigned Binary ;
+----------------+-----------------------------+-----------------+
Note: In order to hide this table in the UI and the text report file, please set the "Show Parameter Settings in Synthesis Report" option in "Analysis and Synthesis Settings -> More Settings" to "Off".


+-----------------------------------------------------------------------------------+
; Parameter Settings for Inferred Entity Instance: basicclock:inst3|lpm_divide:Div0 ;
+------------------------+----------------+-----------------------------------------+
; Parameter Name         ; Value          ; Type                                    ;
+------------------------+----------------+-----------------------------------------+
; LPM_WIDTHN             ; 6              ; Untyped                                 ;
; LPM_WIDTHD             ; 4              ; Untyped                                 ;
; LPM_NREPRESENTATION    ; UNSIGNED       ; Untyped                                 ;
; LPM_DREPRESENTATION    ; UNSIGNED       ; Untyped                                 ;
; LPM_PIPELINE           ; 0              ; Untyped                                 ;
; LPM_REMAINDERPOSITIVE  ; TRUE           ; Untyped                                 ;
; MAXIMIZE_SPEED         ; 5              ; Untyped                                 ;
; CBXI_PARAMETER         ; lpm_divide_vcm ; Untyped                                 ;
; CARRY_CHAIN            ; MANUAL         ; Untyped                                 ;
; OPTIMIZE_FOR_SPEED     ; 5              ; Untyped                                 ;
; AUTO_CARRY_CHAINS      ; ON             ; AUTO_CARRY                              ;
; IGNORE_CARRY_BUFFERS   ; OFF            ; IGNORE_CARRY                            ;
; AUTO_CASCADE_CHAINS    ; ON             ; AUTO_CASCADE                            ;
; IGNORE_CASCADE_BUFFERS ; OFF            ; IGNORE_CASCADE                          ;
+------------------------+----------------+-----------------------------------------+
Note: In order to hide this table in the UI and the text report file, please set the "Show Parameter Settings in Synthesis Report" option in "Analysis and Synthesis Settings -> More Settings" to "Off".


+-----------------------------------------------------------------------------------+
; Parameter Settings for Inferred Entity Instance: basicclock:inst3|lpm_divide:Mod0 ;
+------------------------+----------------+-----------------------------------------+
; Parameter Name         ; Value          ; Type                                    ;
+------------------------+----------------+-----------------------------------------+
; LPM_WIDTHN             ; 6              ; Untyped                                 ;
; LPM_WIDTHD             ; 4              ; Untyped                                 ;
; LPM_NREPRESENTATION    ; UNSIGNED       ; Untyped                                 ;
; LPM_DREPRESENTATION    ; UNSIGNED       ; Untyped                                 ;
; LPM_PIPELINE           ; 0              ; Untyped                                 ;
; LPM_REMAINDERPOSITIVE  ; TRUE           ; Untyped                                 ;
; MAXIMIZE_SPEED         ; 5              ; Untyped                                 ;
; CBXI_PARAMETER         ; lpm_divide_25m ; Untyped                                 ;
; CARRY_CHAIN            ; MANUAL         ; Untyped                                 ;
; OPTIMIZE_FOR_SPEED     ; 5              ; Untyped                                 ;
; AUTO_CARRY_CHAINS      ; ON             ; AUTO_CARRY                              ;
; IGNORE_CARRY_BUFFERS   ; OFF            ; IGNORE_CARRY                            ;
; AUTO_CASCADE_CHAINS    ; ON             ; AUTO_CASCADE                            ;
; IGNORE_CASCADE_BUFFERS ; OFF            ; IGNORE_CASCADE                          ;
+------------------------+----------------+-----------------------------------------+
Note: In order to hide this table in the UI and the text report file, please set the "Show Parameter Settings in Synthesis Report" option in "Analysis and Synthesis Settings -> More Settings" to "Off".


+-----------------------------------------------------------------------------------+
; Parameter Settings for Inferred Entity Instance: basicclock:inst3|lpm_divide:Mod1 ;
+------------------------+----------------+-----------------------------------------+
; Parameter Name         ; Value          ; Type                                    ;
+------------------------+----------------+-----------------------------------------+
; LPM_WIDTHN             ; 6              ; Untyped                                 ;
; LPM_WIDTHD             ; 4              ; Untyped                                 ;
; LPM_NREPRESENTATION    ; UNSIGNED       ; Untyped                                 ;
; LPM_DREPRESENTATION    ; UNSIGNED       ; Untyped                                 ;
; LPM_PIPELINE           ; 0              ; Untyped                                 ;
; LPM_REMAINDERPOSITIVE  ; TRUE           ; Untyped                                 ;
; MAXIMIZE_SPEED         ; 5              ; Untyped                                 ;
; CBXI_PARAMETER         ; lpm_divide_25m ; Untyped                                 ;
; CARRY_CHAIN            ; MANUAL         ; Untyped                                 ;
; OPTIMIZE_FOR_SPEED     ; 5              ; Untyped                                 ;
; AUTO_CARRY_CHAINS      ; ON             ; AUTO_CARRY                              ;
; IGNORE_CARRY_BUFFERS   ; OFF            ; IGNORE_CARRY                            ;
; AUTO_CASCADE_CHAINS    ; ON             ; AUTO_CASCADE                            ;
; IGNORE_CASCADE_BUFFERS ; OFF            ; IGNORE_CASCADE                          ;
+------------------------+----------------+-----------------------------------------+
Note: In order to hide this table in the UI and the text report file, please set the "Show Parameter Settings in Synthesis Report" option in "Analysis and Synthesis Settings -> More Settings" to "Off".


+-----------------------------------------------------------------------------------+
; Parameter Settings for Inferred Entity Instance: basicclock:inst3|lpm_divide:Div1 ;
+------------------------+----------------+-----------------------------------------+
; Parameter Name         ; Value          ; Type                                    ;
+------------------------+----------------+-----------------------------------------+
; LPM_WIDTHN             ; 6              ; Untyped                                 ;
; LPM_WIDTHD             ; 4              ; Untyped                                 ;
; LPM_NREPRESENTATION    ; UNSIGNED       ; Untyped                                 ;
; LPM_DREPRESENTATION    ; UNSIGNED       ; Untyped                                 ;
; LPM_PIPELINE           ; 0              ; Untyped                                 ;
; LPM_REMAINDERPOSITIVE  ; TRUE           ; Untyped                                 ;
; MAXIMIZE_SPEED         ; 5              ; Untyped                                 ;
; CBXI_PARAMETER         ; lpm_divide_vcm ; Untyped                                 ;
; CARRY_CHAIN            ; MANUAL         ; Untyped                                 ;
; OPTIMIZE_FOR_SPEED     ; 5              ; Untyped                                 ;
; AUTO_CARRY_CHAINS      ; ON             ; AUTO_CARRY                              ;
; IGNORE_CARRY_BUFFERS   ; OFF            ; IGNORE_CARRY                            ;
; AUTO_CASCADE_CHAINS    ; ON             ; AUTO_CASCADE                            ;
; IGNORE_CASCADE_BUFFERS ; OFF            ; IGNORE_CASCADE                          ;
+------------------------+----------------+-----------------------------------------+
Note: In order to hide this table in the UI and the text report file, please set the "Show Parameter Settings in Synthesis Report" option in "Analysis and Synthesis Settings -> More Settings" to "Off".


+-------------------------------+
; Elapsed Time Per Partition    ;
+----------------+--------------+
; Partition Name ; Elapsed Time ;
+----------------+--------------+
; Top            ; 00:00:00     ;
+----------------+--------------+


+-------------------------------+
; Analysis & Synthesis Messages ;
+-------------------------------+
Info: *******************************************************************
Info: Running Quartus II 64-Bit Analysis & Synthesis
    Info: Version 13.0.1 Build 232 06/12/2013 Service Pack 1 SJ Web Edition
    Info: Processing started: Thu May 18 15:18:39 2017
Info: Command: quartus_map --read_settings_files=on --write_settings_files=off realclock -c realclock
Info (11104): Parallel Compilation has detected 4 hyper-threaded processors. However, the extra hyper-threaded processors will not be used by default. Parallel Compilation will use 2 of the 2 physical processors detected instead.
Warning (10229): Verilog HDL Expression warning at en25ms.v(9): truncated literal to match 6 bits
Info (12021): Found 1 design units, including 1 entities, in source file en25ms.v
    Info (12023): Found entity 1: en25ms
Info (12021): Found 1 design units, including 1 entities, in source file basicclock.v
    Info (12023): Found entity 1: basicclock
Info (12021): Found 1 design units, including 1 entities, in source file timeset.v
    Info (12023): Found entity 1: timeset
Info (12021): Found 1 design units, including 1 entities, in source file digitleds.v
    Info (12023): Found entity 1: digitleds
Info (12021): Found 1 design units, including 1 entities, in source file scankey.v
    Info (12023): Found entity 1: scanKey
Info (12021): Found 1 design units, including 1 entities, in source file realclock.bdf
    Info (12023): Found entity 1: realclock
Info (12127): Elaborating entity "realclock" for the top level hierarchy
Info (12128): Elaborating entity "digitleds" for hierarchy "digitleds:inst5"
Warning (10230): Verilog HDL assignment warning at digitleds.v(33): truncated value with size 32 to match size of target (17)
Warning (10230): Verilog HDL assignment warning at digitleds.v(44): truncated value with size 9 to match size of target (8)
Warning (10230): Verilog HDL assignment warning at digitleds.v(55): truncated value with size 32 to match size of target (4)
Info (10264): Verilog HDL Case Statement information at digitleds.v(59): all case item expressions in this case statement are onehot
Warning (10230): Verilog HDL assignment warning at digitleds.v(94): truncated value with size 32 to match size of target (1)
Info (12128): Elaborating entity "basicclock" for hierarchy "basicclock:inst3"
Warning (10230): Verilog HDL assignment warning at basicclock.v(35): truncated value with size 32 to match size of target (27)
Warning (10230): Verilog HDL assignment warning at basicclock.v(44): truncated value with size 32 to match size of target (6)
Warning (10230): Verilog HDL assignment warning at basicclock.v(50): truncated value with size 32 to match size of target (6)
Warning (10230): Verilog HDL assignment warning at basicclock.v(54): truncated value with size 32 to match size of target (6)
Warning (10230): Verilog HDL assignment warning at basicclock.v(58): truncated value with size 32 to match size of target (6)
Warning (10230): Verilog HDL assignment warning at basicclock.v(62): truncated value with size 32 to match size of target (6)
Info (10264): Verilog HDL Case Statement information at basicclock.v(47): all case item expressions in this case statement are onehot
Warning (10230): Verilog HDL assignment warning at basicclock.v(71): truncated value with size 32 to match size of target (6)
Warning (10230): Verilog HDL assignment warning at basicclock.v(75): truncated value with size 32 to match size of target (6)
Warning (10230): Verilog HDL assignment warning at basicclock.v(86): truncated value with size 32 to match size of target (4)
Warning (10230): Verilog HDL assignment warning at basicclock.v(87): truncated value with size 32 to match size of target (4)
Warning (10230): Verilog HDL assignment warning at basicclock.v(88): truncated value with size 32 to match size of target (4)
Warning (10230): Verilog HDL assignment warning at basicclock.v(89): truncated value with size 32 to match size of target (4)
Info (12128): Elaborating entity "timeset" for hierarchy "timeset:inst2"
Warning (10235): Verilog HDL Always Construct warning at timeset.v(30): variable "pos" is read inside the Always Construct but isn't in the Always Construct's Event Control
Warning (10272): Verilog HDL Case Statement warning at timeset.v(34): case item expression covers a value already covered by a previous case item
Warning (10270): Verilog HDL Case Statement warning at timeset.v(30): incomplete case statement has no default case item
Warning (10240): Verilog HDL Always Construct warning at timeset.v(13): inferring latch(es) for variable "flag", which holds its previous value in one or more paths through the always construct
Warning (10240): Verilog HDL Always Construct warning at timeset.v(13): inferring latch(es) for variable "digit", which holds its previous value in one or more paths through the always construct
Warning (10240): Verilog HDL Always Construct warning at timeset.v(13): inferring latch(es) for variable "pos", which holds its previous value in one or more paths through the always construct
Info (10041): Inferred latch for "pos[0]" at timeset.v(13)
Info (10041): Inferred latch for "pos[1]" at timeset.v(13)
Info (10041): Inferred latch for "pos[2]" at timeset.v(13)
Info (10041): Inferred latch for "pos[3]" at timeset.v(13)
Info (10041): Inferred latch for "digit[0]" at timeset.v(13)
Info (10041): Inferred latch for "digit[1]" at timeset.v(13)
Info (10041): Inferred latch for "digit[2]" at timeset.v(13)
Info (10041): Inferred latch for "digit[3]" at timeset.v(13)
Info (10041): Inferred latch for "flag" at timeset.v(13)
Info (12128): Elaborating entity "scanKey" for hierarchy "scanKey:inst"
Info (12128): Elaborating entity "en25ms" for hierarchy "en25ms:inst6"
Info (278001): Inferred 4 megafunctions from design logic
    Info (278004): Inferred divider/modulo megafunction ("lpm_divide") from the following logic: "basicclock:inst3|Div0"
    Info (278004): Inferred divider/modulo megafunction ("lpm_divide") from the following logic: "basicclock:inst3|Mod0"
    Info (278004): Inferred divider/modulo megafunction ("lpm_divide") from the following logic: "basicclock:inst3|Mod1"
    Info (278004): Inferred divider/modulo megafunction ("lpm_divide") from the following logic: "basicclock:inst3|Div1"
Info (12130): Elaborated megafunction instantiation "basicclock:inst3|lpm_divide:Div0"
Info (12133): Instantiated megafunction "basicclock:inst3|lpm_divide:Div0" with the following parameter:
    Info (12134): Parameter "LPM_WIDTHN" = "6"
    Info (12134): Parameter "LPM_WIDTHD" = "4"
    Info (12134): Parameter "LPM_NREPRESENTATION" = "UNSIGNED"
    Info (12134): Parameter "LPM_DREPRESENTATION" = "UNSIGNED"
Info (12021): Found 1 design units, including 1 entities, in source file db/lpm_divide_vcm.tdf
    Info (12023): Found entity 1: lpm_divide_vcm
Info (12021): Found 1 design units, including 1 entities, in source file db/sign_div_unsign_9kh.tdf
    Info (12023): Found entity 1: sign_div_unsign_9kh
Info (12021): Found 1 design units, including 1 entities, in source file db/alt_u_div_kve.tdf
    Info (12023): Found entity 1: alt_u_div_kve
Info (12021): Found 1 design units, including 1 entities, in source file db/add_sub_lkc.tdf
    Info (12023): Found entity 1: add_sub_lkc
Info (12021): Found 1 design units, including 1 entities, in source file db/add_sub_mkc.tdf
    Info (12023): Found entity 1: add_sub_mkc
Info (12130): Elaborated megafunction instantiation "basicclock:inst3|lpm_divide:Mod0"
Info (12133): Instantiated megafunction "basicclock:inst3|lpm_divide:Mod0" with the following parameter:
    Info (12134): Parameter "LPM_WIDTHN" = "6"
    Info (12134): Parameter "LPM_WIDTHD" = "4"
    Info (12134): Parameter "LPM_NREPRESENTATION" = "UNSIGNED"
    Info (12134): Parameter "LPM_DREPRESENTATION" = "UNSIGNED"
Info (12021): Found 1 design units, including 1 entities, in source file db/lpm_divide_25m.tdf
    Info (12023): Found entity 1: lpm_divide_25m
Warning (13012): Latch timeset:inst2|pos[0] has unsafe behavior
    Warning (13013): Ports D and ENA on the latch are fed by the same signal timeset:inst2|pos[1]
Warning (13012): Latch timeset:inst2|pos[1] has unsafe behavior
    Warning (13013): Ports D and ENA on the latch are fed by the same signal timeset:inst2|pos[0]
Warning (13012): Latch timeset:inst2|pos[2] has unsafe behavior
    Warning (13013): Ports D and ENA on the latch are fed by the same signal timeset:inst2|pos[1]
Warning (13012): Latch timeset:inst2|digit[3] has unsafe behavior
    Warning (13013): Ports D and ENA on the latch are fed by the same signal scanKey:inst|key[11]
Warning (13012): Latch timeset:inst2|digit[2] has unsafe behavior
    Warning (13013): Ports D and ENA on the latch are fed by the same signal scanKey:inst|key[11]
Warning (13012): Latch timeset:inst2|digit[1] has unsafe behavior
    Warning (13013): Ports D and ENA on the latch are fed by the same signal scanKey:inst|key[11]
Warning (13012): Latch timeset:inst2|flag has unsafe behavior
    Warning (13013): Ports D and ENA on the latch are fed by the same signal scanKey:inst|key[11]
Warning (13012): Latch timeset:inst2|digit[0] has unsafe behavior
    Warning (13013): Ports D and ENA on the latch are fed by the same signal scanKey:inst|key[11]
Warning (13024): Output pins are stuck at VCC or GND
    Warning (13410): Pin "led_rst" is stuck at VCC
Info (144001): Generated suppressed messages file /home/kmash/altera/projects/week7/realclock/output_files/realclock.map.smsg
Info (16010): Generating hard_block partition "hard_block:auto_generated_inst"
    Info (16011): Adding 0 node(s), including 0 DDIO, 0 PLL, 0 transceiver and 0 LCELL
Info (21057): Implemented 427 device resources after synthesis - the final resource count might be different
    Info (21058): Implemented 4 input pins
    Info (21059): Implemented 11 output pins
    Info (21061): Implemented 412 logic cells
Info: Quartus II 64-Bit Analysis & Synthesis was successful. 0 errors, 41 warnings
    Info: Peak virtual memory: 631 megabytes
    Info: Processing ended: Thu May 18 15:18:41 2017
    Info: Elapsed time: 00:00:02
    Info: Total CPU time (on all processors): 00:00:02


+------------------------------------------+
; Analysis & Synthesis Suppressed Messages ;
+------------------------------------------+
The suppressed messages can be found in /home/kmash/altera/projects/week7/realclock/output_files/realclock.map.smsg.


