Flow report for w4p1shaking
Thu Apr 20 16:44:22 2017
Quartus II 64-Bit Version 13.0.1 Build 232 06/12/2013 Service Pack 1 SJ Web Edition


---------------------
; Table of Contents ;
---------------------
  1. Legal Notice
  2. Flow Summary
  3. Flow Settings
  4. Flow Non-Default Global Settings
  5. Flow Elapsed Time
  6. Flow OS Summary
  7. Flow Log
  8. Flow Messages
  9. Flow Suppressed Messages



----------------
; Legal Notice ;
----------------
Copyright (C) 1991-2013 Altera Corporation
Your use of Altera Corporation's design tools, logic functions 
and other software and tools, and its AMPP partner logic 
functions, and any output files from any of the foregoing 
(including device programming or simulation files), and any 
associated documentation or information are expressly subject 
to the terms and conditions of the Altera Program License 
Subscription Agreement, Altera MegaCore Function License 
Agreement, or other applicable license agreement, including, 
without limitation, that your use is for the sole purpose of 
programming logic devices manufactured by Altera and sold by 
Altera or its authorized distributors.  Please refer to the 
applicable agreement for further details.



+--------------------------------------------------------------------------------------+
; Flow Summary                                                                         ;
+------------------------------------+-------------------------------------------------+
; Flow Status                        ; Successful - Thu Apr 20 16:44:22 2017           ;
; Quartus II 64-Bit Version          ; 13.0.1 Build 232 06/12/2013 SP 1 SJ Web Edition ;
; Revision Name                      ; w4p1shaking                                     ;
; Top-level Entity Name              ; Block1                                          ;
; Family                             ; Cyclone II                                      ;
; Device                             ; EP2C8T144C8                                     ;
; Timing Models                      ; Final                                           ;
; Total logic elements               ; 441 / 8,256 ( 5 % )                             ;
;     Total combinational functions  ; 333 / 8,256 ( 4 % )                             ;
;     Dedicated logic registers      ; 312 / 8,256 ( 4 % )                             ;
; Total registers                    ; 312                                             ;
; Total pins                         ; 4 / 85 ( 5 % )                                  ;
; Total virtual pins                 ; 0                                               ;
; Total memory bits                  ; 128 / 165,888 ( < 1 % )                         ;
; Embedded Multiplier 9-bit elements ; 0 / 36 ( 0 % )                                  ;
; Total PLLs                         ; 0 / 2 ( 0 % )                                   ;
+------------------------------------+-------------------------------------------------+


+-----------------------------------------+
; Flow Settings                           ;
+-------------------+---------------------+
; Option            ; Setting             ;
+-------------------+---------------------+
; Start date & time ; 04/20/2017 16:20:33 ;
; Main task         ; Compilation         ;
; Revision Name     ; w4p1shaking         ;
+-------------------+---------------------+


+----------------------------------------------------------------------------------------------------------------------------------------------------------------------+
; Flow Non-Default Global Settings                                                                                                                                     ;
+-------------------------------------+-------------------------------------------------------------------------------+---------------+-------------+------------------+
; Assignment Name                     ; Value                                                                         ; Default Value ; Entity Name ; Section Id       ;
+-------------------------------------+-------------------------------------------------------------------------------+---------------+-------------+------------------+
; COMPILER_SIGNATURE_ID               ; 0.149267643303764                                                             ; --            ; --          ; --               ;
; EDA_OUTPUT_DATA_FORMAT              ; Vhdl                                                                          ; --            ; --          ; eda_simulation   ;
; EDA_SIMULATION_TOOL                 ; ModelSim-Altera (VHDL)                                                        ; <None>        ; --          ; --               ;
; ENABLE_SIGNALTAP                    ; On                                                                            ; --            ; --          ; --               ;
; MAX_CORE_JUNCTION_TEMP              ; 85                                                                            ; --            ; --          ; --               ;
; MIN_CORE_JUNCTION_TEMP              ; 0                                                                             ; --            ; --          ; --               ;
; PARTITION_COLOR                     ; 16764057                                                                      ; --            ; Block1      ; Top              ;
; PARTITION_FITTER_PRESERVATION_LEVEL ; PLACEMENT_AND_ROUTING                                                         ; --            ; Block1      ; Top              ;
; PARTITION_NETLIST_TYPE              ; POST_FIT                                                                      ; --            ; Block1      ; Top              ;
; POWER_BOARD_THERMAL_MODEL           ; None (CONSERVATIVE)                                                           ; --            ; --          ; --               ;
; POWER_PRESET_COOLING_SOLUTION       ; 23 MM HEAT SINK WITH 200 LFPM AIRFLOW                                         ; --            ; --          ; --               ;
; PROJECT_OUTPUT_DIRECTORY            ; output_files                                                                  ; --            ; --          ; --               ;
; SLD_FILE                            ; /home/kmash/altera/13.0sp1/week4/output_files/stp1_auto_stripped.stp          ; --            ; --          ; --               ;
; SLD_NODE_CREATOR_ID                 ; 110                                                                           ; --            ; --          ; auto_signaltap_0 ;
; SLD_NODE_ENTITY_NAME                ; sld_signaltap                                                                 ; --            ; --          ; auto_signaltap_0 ;
; SLD_NODE_PARAMETER_ASSIGNMENT       ; SLD_DATA_BITS=1                                                               ; --            ; --          ; auto_signaltap_0 ;
; SLD_NODE_PARAMETER_ASSIGNMENT       ; SLD_TRIGGER_BITS=1                                                            ; --            ; --          ; auto_signaltap_0 ;
; SLD_NODE_PARAMETER_ASSIGNMENT       ; SLD_NODE_INFO=805334528                                                       ; --            ; --          ; auto_signaltap_0 ;
; SLD_NODE_PARAMETER_ASSIGNMENT       ; SLD_POWER_UP_TRIGGER=0                                                        ; --            ; --          ; auto_signaltap_0 ;
; SLD_NODE_PARAMETER_ASSIGNMENT       ; SLD_INVERSION_MASK=000000000000000000000                                      ; --            ; --          ; auto_signaltap_0 ;
; SLD_NODE_PARAMETER_ASSIGNMENT       ; SLD_INVERSION_MASK_LENGTH=21                                                  ; --            ; --          ; auto_signaltap_0 ;
; SLD_NODE_PARAMETER_ASSIGNMENT       ; SLD_STORAGE_QUALIFIER_INVERSION_MASK_LENGTH=0                                 ; --            ; --          ; auto_signaltap_0 ;
; SLD_NODE_PARAMETER_ASSIGNMENT       ; SLD_SEGMENT_SIZE=128                                                          ; --            ; --          ; auto_signaltap_0 ;
; SLD_NODE_PARAMETER_ASSIGNMENT       ; SLD_ATTRIBUTE_MEM_MODE=OFF                                                    ; --            ; --          ; auto_signaltap_0 ;
; SLD_NODE_PARAMETER_ASSIGNMENT       ; SLD_STATE_FLOW_USE_GENERATED=0                                                ; --            ; --          ; auto_signaltap_0 ;
; SLD_NODE_PARAMETER_ASSIGNMENT       ; SLD_STATE_BITS=11                                                             ; --            ; --          ; auto_signaltap_0 ;
; SLD_NODE_PARAMETER_ASSIGNMENT       ; SLD_BUFFER_FULL_STOP=1                                                        ; --            ; --          ; auto_signaltap_0 ;
; SLD_NODE_PARAMETER_ASSIGNMENT       ; SLD_CURRENT_RESOURCE_WIDTH=1                                                  ; --            ; --          ; auto_signaltap_0 ;
; SLD_NODE_PARAMETER_ASSIGNMENT       ; SLD_NODE_CRC_LOWORD=19090                                                     ; --            ; --          ; auto_signaltap_0 ;
; SLD_NODE_PARAMETER_ASSIGNMENT       ; SLD_NODE_CRC_HIWORD=30189                                                     ; --            ; --          ; auto_signaltap_0 ;
; SLD_NODE_PARAMETER_ASSIGNMENT       ; SLD_TRIGGER_LEVEL=1                                                           ; --            ; --          ; auto_signaltap_0 ;
; SLD_NODE_PARAMETER_ASSIGNMENT       ; SLD_SAMPLE_DEPTH=128                                                          ; --            ; --          ; auto_signaltap_0 ;
; SLD_NODE_PARAMETER_ASSIGNMENT       ; SLD_TRIGGER_IN_ENABLED=0                                                      ; --            ; --          ; auto_signaltap_0 ;
; SLD_NODE_PARAMETER_ASSIGNMENT       ; SLD_ADVANCED_TRIGGER_ENTITY=sld_reserved_w4p1shaking_auto_signaltap_0_1_c671, ; --            ; --          ; auto_signaltap_0 ;
; SLD_NODE_PARAMETER_ASSIGNMENT       ; SLD_TRIGGER_LEVEL_PIPELINE=1                                                  ; --            ; --          ; auto_signaltap_0 ;
; SLD_NODE_PARAMETER_ASSIGNMENT       ; SLD_ENABLE_ADVANCED_TRIGGER=1                                                 ; --            ; --          ; auto_signaltap_0 ;
; TOP_LEVEL_ENTITY                    ; Block1                                                                        ; w4p1shaking   ; --          ; --               ;
; USE_SIGNALTAP_FILE                  ; output_files/stp1.stp                                                         ; --            ; --          ; --               ;
+-------------------------------------+-------------------------------------------------------------------------------+---------------+-------------+------------------+


+-------------------------------------------------------------------------------------------------------------------------------+
; Flow Elapsed Time                                                                                                             ;
+---------------------------+--------------+-------------------------+---------------------+------------------------------------+
; Module Name               ; Elapsed Time ; Average Processors Used ; Peak Virtual Memory ; Total CPU Time (on all processors) ;
+---------------------------+--------------+-------------------------+---------------------+------------------------------------+
; Analysis & Synthesis      ; 00:00:10     ; 1.4                     ; 671 MB              ; 00:00:14                           ;
; Partition Merge           ; 00:00:01     ; 1.0                     ; 864 MB              ; 00:00:01                           ;
; Fitter                    ; 00:00:03     ; 1.0                     ; 703 MB              ; 00:00:04                           ;
; Assembler                 ; 00:00:01     ; 1.0                     ; 547 MB              ; 00:00:01                           ;
; TimeQuest Timing Analyzer ; 00:00:00     ; 1.0                     ; 522 MB              ; 00:00:01                           ;
; EDA Netlist Writer        ; 00:00:00     ; 1.0                     ; 793 MB              ; 00:00:01                           ;
; Analysis & Synthesis      ; 00:00:07     ; 1.7                     ; 653 MB              ; 00:00:10                           ;
; Partition Merge           ; 00:00:01     ; 1.0                     ; 875 MB              ; 00:00:01                           ;
; Fitter                    ; 00:00:04     ; 1.0                     ; 699 MB              ; 00:00:04                           ;
; Assembler                 ; 00:00:01     ; 1.0                     ; 555 MB              ; 00:00:01                           ;
; TimeQuest Timing Analyzer ; 00:00:01     ; 1.0                     ; 512 MB              ; 00:00:01                           ;
; EDA Netlist Writer        ; 00:00:01     ; 1.0                     ; 793 MB              ; 00:00:01                           ;
; Analysis & Synthesis      ; 00:00:07     ; 1.7                     ; 656 MB              ; 00:00:10                           ;
; Partition Merge           ; 00:00:01     ; 1.0                     ; 875 MB              ; 00:00:01                           ;
; Fitter                    ; 00:00:03     ; 1.0                     ; 712 MB              ; 00:00:04                           ;
; Assembler                 ; 00:00:01     ; 1.0                     ; 555 MB              ; 00:00:01                           ;
; TimeQuest Timing Analyzer ; 00:00:00     ; 1.0                     ; 523 MB              ; 00:00:01                           ;
; EDA Netlist Writer        ; 00:00:00     ; 1.0                     ; 793 MB              ; 00:00:01                           ;
; Analysis & Synthesis      ; 00:00:07     ; 1.7                     ; 626 MB              ; 00:00:09                           ;
; Partition Merge           ; 00:00:01     ; 1.0                     ; 874 MB              ; 00:00:01                           ;
; Fitter                    ; 00:00:03     ; 1.0                     ; 692 MB              ; 00:00:04                           ;
; Assembler                 ; 00:00:01     ; 1.0                     ; 539 MB              ; 00:00:01                           ;
; TimeQuest Timing Analyzer ; 00:00:01     ; 1.0                     ; 507 MB              ; 00:00:01                           ;
; EDA Netlist Writer        ; 00:00:01     ; 1.0                     ; 788 MB              ; 00:00:01                           ;
; Analysis & Synthesis      ; 00:00:07     ; 1.7                     ; 668 MB              ; 00:00:10                           ;
; Partition Merge           ; 00:00:00     ; 1.0                     ; 874 MB              ; 00:00:01                           ;
; Fitter                    ; 00:00:04     ; 1.0                     ; 713 MB              ; 00:00:04                           ;
; Assembler                 ; 00:00:01     ; 1.0                     ; 539 MB              ; 00:00:01                           ;
; TimeQuest Timing Analyzer ; 00:00:01     ; 1.0                     ; 511 MB              ; 00:00:01                           ;
; EDA Netlist Writer        ; 00:00:01     ; 1.0                     ; 793 MB              ; 00:00:01                           ;
; Analysis & Synthesis      ; 00:00:07     ; 1.7                     ; 655 MB              ; 00:00:10                           ;
; Partition Merge           ; 00:00:01     ; 1.0                     ; 874 MB              ; 00:00:01                           ;
; Fitter                    ; 00:00:03     ; 1.0                     ; 705 MB              ; 00:00:04                           ;
; Assembler                 ; 00:00:01     ; 1.0                     ; 551 MB              ; 00:00:01                           ;
; TimeQuest Timing Analyzer ; 00:00:01     ; 1.0                     ; 523 MB              ; 00:00:01                           ;
; EDA Netlist Writer        ; 00:00:01     ; 1.0                     ; 793 MB              ; 00:00:01                           ;
; Total                     ; 00:01:24     ; --                      ; --                  ; 00:01:51                           ;
+---------------------------+--------------+-------------------------+---------------------+------------------------------------+


+---------------------------------------------------------------------------------------------+
; Flow OS Summary                                                                             ;
+---------------------------+------------------+----------------+------------+----------------+
; Module Name               ; Machine Hostname ; OS Name        ; OS Version ; Processor type ;
+---------------------------+------------------+----------------+------------+----------------+
; Analysis & Synthesis      ; kmash            ; Ubuntu 16.04.2 ; 16         ; x86_64         ;
; Partition Merge           ; kmash            ; Ubuntu 16.04.2 ; 16         ; x86_64         ;
; Fitter                    ; kmash            ; Ubuntu 16.04.2 ; 16         ; x86_64         ;
; Assembler                 ; kmash            ; Ubuntu 16.04.2 ; 16         ; x86_64         ;
; TimeQuest Timing Analyzer ; kmash            ; Ubuntu 16.04.2 ; 16         ; x86_64         ;
; EDA Netlist Writer        ; kmash            ; Ubuntu 16.04.2 ; 16         ; x86_64         ;
; Analysis & Synthesis      ; kmash            ; Ubuntu 16.04.2 ; 16         ; x86_64         ;
; Partition Merge           ; kmash            ; Ubuntu 16.04.2 ; 16         ; x86_64         ;
; Fitter                    ; kmash            ; Ubuntu 16.04.2 ; 16         ; x86_64         ;
; Assembler                 ; kmash            ; Ubuntu 16.04.2 ; 16         ; x86_64         ;
; TimeQuest Timing Analyzer ; kmash            ; Ubuntu 16.04.2 ; 16         ; x86_64         ;
; EDA Netlist Writer        ; kmash            ; Ubuntu 16.04.2 ; 16         ; x86_64         ;
; Analysis & Synthesis      ; kmash            ; Ubuntu 16.04.2 ; 16         ; x86_64         ;
; Partition Merge           ; kmash            ; Ubuntu 16.04.2 ; 16         ; x86_64         ;
; Fitter                    ; kmash            ; Ubuntu 16.04.2 ; 16         ; x86_64         ;
; Assembler                 ; kmash            ; Ubuntu 16.04.2 ; 16         ; x86_64         ;
; TimeQuest Timing Analyzer ; kmash            ; Ubuntu 16.04.2 ; 16         ; x86_64         ;
; EDA Netlist Writer        ; kmash            ; Ubuntu 16.04.2 ; 16         ; x86_64         ;
; Analysis & Synthesis      ; kmash            ; Ubuntu 16.04.2 ; 16         ; x86_64         ;
; Partition Merge           ; kmash            ; Ubuntu 16.04.2 ; 16         ; x86_64         ;
; Fitter                    ; kmash            ; Ubuntu 16.04.2 ; 16         ; x86_64         ;
; Assembler                 ; kmash            ; Ubuntu 16.04.2 ; 16         ; x86_64         ;
; TimeQuest Timing Analyzer ; kmash            ; Ubuntu 16.04.2 ; 16         ; x86_64         ;
; EDA Netlist Writer        ; kmash            ; Ubuntu 16.04.2 ; 16         ; x86_64         ;
; Analysis & Synthesis      ; kmash            ; Ubuntu 16.04.2 ; 16         ; x86_64         ;
; Partition Merge           ; kmash            ; Ubuntu 16.04.2 ; 16         ; x86_64         ;
; Fitter                    ; kmash            ; Ubuntu 16.04.2 ; 16         ; x86_64         ;
; Assembler                 ; kmash            ; Ubuntu 16.04.2 ; 16         ; x86_64         ;
; TimeQuest Timing Analyzer ; kmash            ; Ubuntu 16.04.2 ; 16         ; x86_64         ;
; EDA Netlist Writer        ; kmash            ; Ubuntu 16.04.2 ; 16         ; x86_64         ;
; Analysis & Synthesis      ; kmash            ; Ubuntu 16.04.2 ; 16         ; x86_64         ;
; Partition Merge           ; kmash            ; Ubuntu 16.04.2 ; 16         ; x86_64         ;
; Fitter                    ; kmash            ; Ubuntu 16.04.2 ; 16         ; x86_64         ;
; Assembler                 ; kmash            ; Ubuntu 16.04.2 ; 16         ; x86_64         ;
; TimeQuest Timing Analyzer ; kmash            ; Ubuntu 16.04.2 ; 16         ; x86_64         ;
; EDA Netlist Writer        ; kmash            ; Ubuntu 16.04.2 ; 16         ; x86_64         ;
+---------------------------+------------------+----------------+------------+----------------+


------------
; Flow Log ;
------------
quartus_map --read_settings_files=on --write_settings_files=off w4p1shaking -c w4p1shaking
quartus_cdb --read_settings_files=off --write_settings_files=off w4p1shaking -c w4p1shaking --merge=on
quartus_fit --read_settings_files=off --write_settings_files=off w4p1shaking -c w4p1shaking
quartus_asm --read_settings_files=off --write_settings_files=off w4p1shaking -c w4p1shaking
quartus_sta w4p1shaking -c w4p1shaking
quartus_eda --read_settings_files=off --write_settings_files=off w4p1shaking -c w4p1shaking
quartus_map --read_settings_files=on --write_settings_files=off w4p1shaking -c w4p1shaking
quartus_cdb --read_settings_files=off --write_settings_files=off w4p1shaking -c w4p1shaking --merge=on
quartus_fit --read_settings_files=off --write_settings_files=off w4p1shaking -c w4p1shaking
quartus_asm --read_settings_files=off --write_settings_files=off w4p1shaking -c w4p1shaking
quartus_sta w4p1shaking -c w4p1shaking
quartus_eda --read_settings_files=off --write_settings_files=off w4p1shaking -c w4p1shaking
quartus_map --read_settings_files=on --write_settings_files=off w4p1shaking -c w4p1shaking
quartus_cdb --read_settings_files=off --write_settings_files=off w4p1shaking -c w4p1shaking --merge=on
quartus_fit --read_settings_files=off --write_settings_files=off w4p1shaking -c w4p1shaking
quartus_asm --read_settings_files=off --write_settings_files=off w4p1shaking -c w4p1shaking
quartus_sta w4p1shaking -c w4p1shaking
quartus_eda --read_settings_files=off --write_settings_files=off w4p1shaking -c w4p1shaking
quartus_map --read_settings_files=on --write_settings_files=off w4p1shaking -c w4p1shaking
quartus_cdb --read_settings_files=off --write_settings_files=off w4p1shaking -c w4p1shaking --merge=on
quartus_fit --read_settings_files=off --write_settings_files=off w4p1shaking -c w4p1shaking
quartus_asm --read_settings_files=off --write_settings_files=off w4p1shaking -c w4p1shaking
quartus_sta w4p1shaking -c w4p1shaking
quartus_eda --read_settings_files=off --write_settings_files=off w4p1shaking -c w4p1shaking
quartus_map --read_settings_files=on --write_settings_files=off w4p1shaking -c w4p1shaking
quartus_cdb --read_settings_files=off --write_settings_files=off w4p1shaking -c w4p1shaking --merge=on
quartus_fit --read_settings_files=off --write_settings_files=off w4p1shaking -c w4p1shaking
quartus_asm --read_settings_files=off --write_settings_files=off w4p1shaking -c w4p1shaking
quartus_sta w4p1shaking -c w4p1shaking
quartus_eda --read_settings_files=off --write_settings_files=off w4p1shaking -c w4p1shaking
quartus_map --read_settings_files=on --write_settings_files=off w4p1shaking -c w4p1shaking
quartus_cdb --read_settings_files=off --write_settings_files=off w4p1shaking -c w4p1shaking --merge=on
quartus_fit --read_settings_files=off --write_settings_files=off w4p1shaking -c w4p1shaking
quartus_asm --read_settings_files=off --write_settings_files=off w4p1shaking -c w4p1shaking
quartus_sta w4p1shaking -c w4p1shaking
quartus_eda --read_settings_files=off --write_settings_files=off w4p1shaking -c w4p1shaking



