Analysis & Synthesis report for stopwatch
Thu May 18 20:05:30 2017
Quartus II 64-Bit Version 13.0.1 Build 232 06/12/2013 Service Pack 1 SJ Web Edition


---------------------
; Table of Contents ;
---------------------
  1. Legal Notice
  2. Analysis & Synthesis Summary
  3. Analysis & Synthesis Settings
  4. Parallel Compilation
  5. Analysis & Synthesis Source Files Read
  6. Analysis & Synthesis Resource Usage Summary
  7. Analysis & Synthesis Resource Utilization by Entity
  8. Registers Removed During Synthesis
  9. General Register Statistics
 10. Inverted Register Statistics
 11. Multiplexer Restructuring Statistics (Restructuring Performed)
 12. Parameter Settings for User Entity Instance: basicclock:inst2
 13. Parameter Settings for Inferred Entity Instance: basicclock:inst2|lpm_divide:Div0
 14. Parameter Settings for Inferred Entity Instance: basicclock:inst2|lpm_divide:Mod0
 15. Elapsed Time Per Partition
 16. Analysis & Synthesis Messages



----------------
; Legal Notice ;
----------------
Copyright (C) 1991-2013 Altera Corporation
Your use of Altera Corporation's design tools, logic functions 
and other software and tools, and its AMPP partner logic 
functions, and any output files from any of the foregoing 
(including device programming or simulation files), and any 
associated documentation or information are expressly subject 
to the terms and conditions of the Altera Program License 
Subscription Agreement, Altera MegaCore Function License 
Agreement, or other applicable license agreement, including, 
without limitation, that your use is for the sole purpose of 
programming logic devices manufactured by Altera and sold by 
Altera or its authorized distributors.  Please refer to the 
applicable agreement for further details.



+--------------------------------------------------------------------------------------+
; Analysis & Synthesis Summary                                                         ;
+------------------------------------+-------------------------------------------------+
; Analysis & Synthesis Status        ; Successful - Thu May 18 20:05:30 2017           ;
; Quartus II 64-Bit Version          ; 13.0.1 Build 232 06/12/2013 SP 1 SJ Web Edition ;
; Revision Name                      ; stopwatch                                       ;
; Top-level Entity Name              ; stopwatch                                       ;
; Family                             ; Cyclone II                                      ;
; Total logic elements               ; 299                                             ;
;     Total combinational functions  ; 286                                             ;
;     Dedicated logic registers      ; 157                                             ;
; Total registers                    ; 157                                             ;
; Total pins                         ; 14                                              ;
; Total virtual pins                 ; 0                                               ;
; Total memory bits                  ; 0                                               ;
; Embedded Multiplier 9-bit elements ; 0                                               ;
; Total PLLs                         ; 0                                               ;
+------------------------------------+-------------------------------------------------+


+----------------------------------------------------------------------------------------------------------------------+
; Analysis & Synthesis Settings                                                                                        ;
+----------------------------------------------------------------------------+--------------------+--------------------+
; Option                                                                     ; Setting            ; Default Value      ;
+----------------------------------------------------------------------------+--------------------+--------------------+
; Device                                                                     ; EP2C8T144C8        ;                    ;
; Top-level entity name                                                      ; stopwatch          ; stopwatch          ;
; Family name                                                                ; Cyclone II         ; Cyclone IV GX      ;
; Use smart compilation                                                      ; Off                ; Off                ;
; Enable parallel Assembler and TimeQuest Timing Analyzer during compilation ; On                 ; On                 ;
; Enable compact report table                                                ; Off                ; Off                ;
; Restructure Multiplexers                                                   ; Auto               ; Auto               ;
; Create Debugging Nodes for IP Cores                                        ; Off                ; Off                ;
; Preserve fewer node names                                                  ; On                 ; On                 ;
; Disable OpenCore Plus hardware evaluation                                  ; Off                ; Off                ;
; Verilog Version                                                            ; Verilog_2001       ; Verilog_2001       ;
; VHDL Version                                                               ; VHDL_1993          ; VHDL_1993          ;
; State Machine Processing                                                   ; Auto               ; Auto               ;
; Safe State Machine                                                         ; Off                ; Off                ;
; Extract Verilog State Machines                                             ; On                 ; On                 ;
; Extract VHDL State Machines                                                ; On                 ; On                 ;
; Ignore Verilog initial constructs                                          ; Off                ; Off                ;
; Iteration limit for constant Verilog loops                                 ; 5000               ; 5000               ;
; Iteration limit for non-constant Verilog loops                             ; 250                ; 250                ;
; Add Pass-Through Logic to Inferred RAMs                                    ; On                 ; On                 ;
; Infer RAMs from Raw Logic                                                  ; On                 ; On                 ;
; Parallel Synthesis                                                         ; On                 ; On                 ;
; DSP Block Balancing                                                        ; Auto               ; Auto               ;
; NOT Gate Push-Back                                                         ; On                 ; On                 ;
; Power-Up Don't Care                                                        ; On                 ; On                 ;
; Remove Redundant Logic Cells                                               ; Off                ; Off                ;
; Remove Duplicate Registers                                                 ; On                 ; On                 ;
; Ignore CARRY Buffers                                                       ; Off                ; Off                ;
; Ignore CASCADE Buffers                                                     ; Off                ; Off                ;
; Ignore GLOBAL Buffers                                                      ; Off                ; Off                ;
; Ignore ROW GLOBAL Buffers                                                  ; Off                ; Off                ;
; Ignore LCELL Buffers                                                       ; Off                ; Off                ;
; Ignore SOFT Buffers                                                        ; On                 ; On                 ;
; Limit AHDL Integers to 32 Bits                                             ; Off                ; Off                ;
; Optimization Technique                                                     ; Balanced           ; Balanced           ;
; Carry Chain Length                                                         ; 70                 ; 70                 ;
; Auto Carry Chains                                                          ; On                 ; On                 ;
; Auto Open-Drain Pins                                                       ; On                 ; On                 ;
; Perform WYSIWYG Primitive Resynthesis                                      ; Off                ; Off                ;
; Auto ROM Replacement                                                       ; On                 ; On                 ;
; Auto RAM Replacement                                                       ; On                 ; On                 ;
; Auto Shift Register Replacement                                            ; Auto               ; Auto               ;
; Allow Shift Register Merging across Hierarchies                            ; Auto               ; Auto               ;
; Auto Clock Enable Replacement                                              ; On                 ; On                 ;
; Strict RAM Replacement                                                     ; Off                ; Off                ;
; Allow Synchronous Control Signals                                          ; On                 ; On                 ;
; Force Use of Synchronous Clear Signals                                     ; Off                ; Off                ;
; Auto RAM to Logic Cell Conversion                                          ; Off                ; Off                ;
; Auto Resource Sharing                                                      ; Off                ; Off                ;
; Allow Any RAM Size For Recognition                                         ; Off                ; Off                ;
; Allow Any ROM Size For Recognition                                         ; Off                ; Off                ;
; Allow Any Shift Register Size For Recognition                              ; Off                ; Off                ;
; Use LogicLock Constraints during Resource Balancing                        ; On                 ; On                 ;
; Ignore translate_off and synthesis_off directives                          ; Off                ; Off                ;
; Timing-Driven Synthesis                                                    ; Off                ; Off                ;
; Report Parameter Settings                                                  ; On                 ; On                 ;
; Report Source Assignments                                                  ; On                 ; On                 ;
; Report Connectivity Checks                                                 ; On                 ; On                 ;
; Ignore Maximum Fan-Out Assignments                                         ; Off                ; Off                ;
; Synchronization Register Chain Length                                      ; 2                  ; 2                  ;
; PowerPlay Power Optimization                                               ; Normal compilation ; Normal compilation ;
; HDL message level                                                          ; Level2             ; Level2             ;
; Suppress Register Optimization Related Messages                            ; Off                ; Off                ;
; Number of Removed Registers Reported in Synthesis Report                   ; 5000               ; 5000               ;
; Number of Swept Nodes Reported in Synthesis Report                         ; 5000               ; 5000               ;
; Number of Inverted Registers Reported in Synthesis Report                  ; 100                ; 100                ;
; Clock MUX Protection                                                       ; On                 ; On                 ;
; Auto Gated Clock Conversion                                                ; Off                ; Off                ;
; Block Design Naming                                                        ; Auto               ; Auto               ;
; SDC constraint protection                                                  ; Off                ; Off                ;
; Synthesis Effort                                                           ; Auto               ; Auto               ;
; Shift Register Replacement - Allow Asynchronous Clear Signal               ; On                 ; On                 ;
; Pre-Mapping Resynthesis Optimization                                       ; Off                ; Off                ;
; Analysis & Synthesis Message Level                                         ; Medium             ; Medium             ;
; Disable Register Merging Across Hierarchies                                ; Auto               ; Auto               ;
; Resource Aware Inference For Block RAM                                     ; On                 ; On                 ;
; Synthesis Seed                                                             ; 1                  ; 1                  ;
+----------------------------------------------------------------------------+--------------------+--------------------+


+------------------------------------------+
; Parallel Compilation                     ;
+----------------------------+-------------+
; Processors                 ; Number      ;
+----------------------------+-------------+
; Number detected on machine ; 4           ;
; Maximum allowed            ; 2           ;
;                            ;             ;
; Average used               ; 1.00        ;
; Maximum used               ; 1           ;
;                            ;             ;
; Usage by Processor         ; % Time Used ;
;     Processor 1            ; 100.0%      ;
;     Processors 2-4         ;   0.0%      ;
+----------------------------+-------------+


+------------------------------------------------------------------------------------------------------------------------------------------------------------------------------------+
; Analysis & Synthesis Source Files Read                                                                                                                                             ;
+----------------------------------+-----------------+------------------------------------+--------------------------------------------------------------------------------+---------+
; File Name with User-Entered Path ; Used in Netlist ; File Type                          ; File Name with Absolute Path                                                   ; Library ;
+----------------------------------+-----------------+------------------------------------+--------------------------------------------------------------------------------+---------+
; scankey.v                        ; yes             ; User Verilog HDL File              ; /home/kmash/altera/projects/stopwatch/scankey.v                                ;         ;
; basicclock.v                     ; yes             ; User Verilog HDL File              ; /home/kmash/altera/projects/stopwatch/basicclock.v                             ;         ;
; clk100ms.v                       ; yes             ; User Verilog HDL File              ; /home/kmash/altera/projects/stopwatch/clk100ms.v                               ;         ;
; digitleds.v                      ; yes             ; User Verilog HDL File              ; /home/kmash/altera/projects/stopwatch/digitleds.v                              ;         ;
; spset.v                          ; yes             ; User Verilog HDL File              ; /home/kmash/altera/projects/stopwatch/spset.v                                  ;         ;
; stopwatch.bdf                    ; yes             ; User Block Diagram/Schematic File  ; /home/kmash/altera/projects/stopwatch/stopwatch.bdf                            ;         ;
; lpm_divide.tdf                   ; yes             ; Megafunction                       ; /home/kmash/altera/13.0sp1/quartus/libraries/megafunctions/lpm_divide.tdf      ;         ;
; abs_divider.inc                  ; yes             ; Megafunction                       ; /home/kmash/altera/13.0sp1/quartus/libraries/megafunctions/abs_divider.inc     ;         ;
; sign_div_unsign.inc              ; yes             ; Megafunction                       ; /home/kmash/altera/13.0sp1/quartus/libraries/megafunctions/sign_div_unsign.inc ;         ;
; aglobal130.inc                   ; yes             ; Megafunction                       ; /home/kmash/altera/13.0sp1/quartus/libraries/megafunctions/aglobal130.inc      ;         ;
; db/lpm_divide_vcm.tdf            ; yes             ; Auto-Generated Megafunction        ; /home/kmash/altera/projects/stopwatch/db/lpm_divide_vcm.tdf                    ;         ;
; db/sign_div_unsign_9kh.tdf       ; yes             ; Auto-Generated Megafunction        ; /home/kmash/altera/projects/stopwatch/db/sign_div_unsign_9kh.tdf               ;         ;
; db/alt_u_div_kve.tdf             ; yes             ; Auto-Generated Megafunction        ; /home/kmash/altera/projects/stopwatch/db/alt_u_div_kve.tdf                     ;         ;
; db/add_sub_lkc.tdf               ; yes             ; Auto-Generated Megafunction        ; /home/kmash/altera/projects/stopwatch/db/add_sub_lkc.tdf                       ;         ;
; db/add_sub_mkc.tdf               ; yes             ; Auto-Generated Megafunction        ; /home/kmash/altera/projects/stopwatch/db/add_sub_mkc.tdf                       ;         ;
; db/lpm_divide_25m.tdf            ; yes             ; Auto-Generated Megafunction        ; /home/kmash/altera/projects/stopwatch/db/lpm_divide_25m.tdf                    ;         ;
+----------------------------------+-----------------+------------------------------------+--------------------------------------------------------------------------------+---------+


+-----------------------------------------------------+
; Analysis & Synthesis Resource Usage Summary         ;
+---------------------------------------------+-------+
; Resource                                    ; Usage ;
+---------------------------------------------+-------+
; Estimated Total logic elements              ; 299   ;
;                                             ;       ;
; Total combinational functions               ; 286   ;
; Logic element usage by number of LUT inputs ;       ;
;     -- 4 input functions                    ; 85    ;
;     -- 3 input functions                    ; 38    ;
;     -- <=2 input functions                  ; 163   ;
;                                             ;       ;
; Logic elements by mode                      ;       ;
;     -- normal mode                          ; 176   ;
;     -- arithmetic mode                      ; 110   ;
;                                             ;       ;
; Total registers                             ; 157   ;
;     -- Dedicated logic registers            ; 157   ;
;     -- I/O registers                        ; 0     ;
;                                             ;       ;
; I/O pins                                    ; 14    ;
; Embedded Multiplier 9-bit elements          ; 0     ;
; Maximum fan-out node                        ; clk   ;
; Maximum fan-out                             ; 71    ;
; Total fan-out                               ; 1151  ;
; Average fan-out                             ; 2.52  ;
+---------------------------------------------+-------+


+----------------------------------------------------------------------------------------------------------------------------------------------------------------------------------------------------------------------------------------------------------------------------------------------------+
; Analysis & Synthesis Resource Utilization by Entity                                                                                                                                                                                                                                                ;
+-------------------------------------------+-------------------+--------------+-------------+--------------+---------+-----------+------+--------------+-----------------------------------------------------------------------------------------------------------------------------+--------------+
; Compilation Hierarchy Node                ; LC Combinationals ; LC Registers ; Memory Bits ; DSP Elements ; DSP 9x9 ; DSP 18x18 ; Pins ; Virtual Pins ; Full Hierarchy Name                                                                                                         ; Library Name ;
+-------------------------------------------+-------------------+--------------+-------------+--------------+---------+-----------+------+--------------+-----------------------------------------------------------------------------------------------------------------------------+--------------+
; |stopwatch                                ; 286 (0)           ; 157 (0)      ; 0           ; 0            ; 0       ; 0         ; 14   ; 0            ; |stopwatch                                                                                                                  ; work         ;
;    |basicclock:inst2|                     ; 154 (96)          ; 62 (62)      ; 0           ; 0            ; 0       ; 0         ; 0    ; 0            ; |stopwatch|basicclock:inst2                                                                                                 ; work         ;
;       |lpm_divide:Div0|                   ; 25 (0)            ; 0 (0)        ; 0           ; 0            ; 0       ; 0         ; 0    ; 0            ; |stopwatch|basicclock:inst2|lpm_divide:Div0                                                                                 ; work         ;
;          |lpm_divide_vcm:auto_generated|  ; 25 (0)            ; 0 (0)        ; 0           ; 0            ; 0       ; 0         ; 0    ; 0            ; |stopwatch|basicclock:inst2|lpm_divide:Div0|lpm_divide_vcm:auto_generated                                                   ; work         ;
;             |sign_div_unsign_9kh:divider| ; 25 (0)            ; 0 (0)        ; 0           ; 0            ; 0       ; 0         ; 0    ; 0            ; |stopwatch|basicclock:inst2|lpm_divide:Div0|lpm_divide_vcm:auto_generated|sign_div_unsign_9kh:divider                       ; work         ;
;                |alt_u_div_kve:divider|    ; 25 (25)           ; 0 (0)        ; 0           ; 0            ; 0       ; 0         ; 0    ; 0            ; |stopwatch|basicclock:inst2|lpm_divide:Div0|lpm_divide_vcm:auto_generated|sign_div_unsign_9kh:divider|alt_u_div_kve:divider ; work         ;
;       |lpm_divide:Mod0|                   ; 33 (0)            ; 0 (0)        ; 0           ; 0            ; 0       ; 0         ; 0    ; 0            ; |stopwatch|basicclock:inst2|lpm_divide:Mod0                                                                                 ; work         ;
;          |lpm_divide_25m:auto_generated|  ; 33 (0)            ; 0 (0)        ; 0           ; 0            ; 0       ; 0         ; 0    ; 0            ; |stopwatch|basicclock:inst2|lpm_divide:Mod0|lpm_divide_25m:auto_generated                                                   ; work         ;
;             |sign_div_unsign_9kh:divider| ; 33 (0)            ; 0 (0)        ; 0           ; 0            ; 0       ; 0         ; 0    ; 0            ; |stopwatch|basicclock:inst2|lpm_divide:Mod0|lpm_divide_25m:auto_generated|sign_div_unsign_9kh:divider                       ; work         ;
;                |alt_u_div_kve:divider|    ; 33 (33)           ; 0 (0)        ; 0           ; 0            ; 0       ; 0         ; 0    ; 0            ; |stopwatch|basicclock:inst2|lpm_divide:Mod0|lpm_divide_25m:auto_generated|sign_div_unsign_9kh:divider|alt_u_div_kve:divider ; work         ;
;    |clk100ms:inst|                        ; 46 (46)           ; 34 (34)      ; 0           ; 0            ; 0       ; 0         ; 0    ; 0            ; |stopwatch|clk100ms:inst                                                                                                    ; work         ;
;    |digitleds:inst3|                      ; 67 (67)           ; 43 (43)      ; 0           ; 0            ; 0       ; 0         ; 0    ; 0            ; |stopwatch|digitleds:inst3                                                                                                  ; work         ;
;    |scanKey:inst4|                        ; 14 (14)           ; 16 (16)      ; 0           ; 0            ; 0       ; 0         ; 0    ; 0            ; |stopwatch|scanKey:inst4                                                                                                    ; work         ;
;    |spset:inst1|                          ; 5 (5)             ; 2 (2)        ; 0           ; 0            ; 0       ; 0         ; 0    ; 0            ; |stopwatch|spset:inst1                                                                                                      ; work         ;
+-------------------------------------------+-------------------+--------------+-------------+--------------+---------+-----------+------+--------------+-----------------------------------------------------------------------------------------------------------------------------+--------------+
Note: For table entries with two numbers listed, the numbers in parentheses indicate the number of resources of the given type used by the specific entity alone. The numbers listed outside of parentheses indicate the total resources of the given type used by the specific entity and all of its sub-entities in the hierarchy.


+--------------------------------------------------------------------------------+
; Registers Removed During Synthesis                                             ;
+---------------------------------------+----------------------------------------+
; Register name                         ; Reason for Removal                     ;
+---------------------------------------+----------------------------------------+
; basicclock:inst2|digit2[3]            ; Stuck at GND due to stuck port data_in ;
; Total Number of Removed Registers = 1 ;                                        ;
+---------------------------------------+----------------------------------------+


+------------------------------------------------------+
; General Register Statistics                          ;
+----------------------------------------------+-------+
; Statistic                                    ; Value ;
+----------------------------------------------+-------+
; Total registers                              ; 157   ;
; Number of registers using Synchronous Clear  ; 33    ;
; Number of registers using Synchronous Load   ; 0     ;
; Number of registers using Asynchronous Clear ; 0     ;
; Number of registers using Asynchronous Load  ; 0     ;
; Number of registers using Clock Enable       ; 53    ;
; Number of registers using Preset             ; 0     ;
+----------------------------------------------+-------+


+---------------------------------------------------+
; Inverted Register Statistics                      ;
+-----------------------------------------+---------+
; Inverted Register                       ; Fan out ;
+-----------------------------------------+---------+
; digitleds:inst3|digout[0]               ; 5       ;
; scanKey:inst4|row[3]                    ; 5       ;
; scanKey:inst4|row[2]                    ; 5       ;
; scanKey:inst4|row[1]                    ; 5       ;
; digitleds:inst3|digbuff[0]              ; 2       ;
; digitleds:inst3|digit[0]                ; 7       ;
; digitleds:inst3|digit[1]                ; 7       ;
; basicclock:inst2|minutes[0]             ; 3       ;
; basicclock:inst2|ptflag                 ; 34      ;
; basicclock:inst2|seconds[5]             ; 7       ;
; basicclock:inst2|seconds[4]             ; 9       ;
; basicclock:inst2|seconds[1]             ; 7       ;
; basicclock:inst2|minutes[1]             ; 3       ;
; basicclock:inst2|minutes[3]             ; 3       ;
; basicclock:inst2|minutes[4]             ; 2       ;
; basicclock:inst2|minutes[5]             ; 2       ;
; Total number of inverted registers = 16 ;         ;
+-----------------------------------------+---------+


+------------------------------------------------------------------------------------------------------------------------------------------------------+
; Multiplexer Restructuring Statistics (Restructuring Performed)                                                                                       ;
+--------------------+-----------+---------------+----------------------+------------------------+------------+----------------------------------------+
; Multiplexer Inputs ; Bus Width ; Baseline Area ; Area if Restructured ; Saving if Restructured ; Registered ; Example Multiplexer Output             ;
+--------------------+-----------+---------------+----------------------+------------------------+------------+----------------------------------------+
; 4:1                ; 3 bits    ; 6 LEs         ; 3 LEs                ; 3 LEs                  ; Yes        ; |stopwatch|basicclock:inst2|seconds[3] ;
; 16:1               ; 2 bits    ; 20 LEs        ; 4 LEs                ; 16 LEs                 ; Yes        ; |stopwatch|digitleds:inst3|digit[2]    ;
; 18:1               ; 3 bits    ; 36 LEs        ; 9 LEs                ; 27 LEs                 ; Yes        ; |stopwatch|digitleds:inst3|digout[3]   ;
; 4:1                ; 3 bits    ; 6 LEs         ; 3 LEs                ; 3 LEs                  ; Yes        ; |stopwatch|basicclock:inst2|seconds[4] ;
; 16:1               ; 2 bits    ; 20 LEs        ; 4 LEs                ; 16 LEs                 ; Yes        ; |stopwatch|digitleds:inst3|digit[0]    ;
; 4:1                ; 5 bits    ; 10 LEs        ; 5 LEs                ; 5 LEs                  ; Yes        ; |stopwatch|basicclock:inst2|minutes[4] ;
+--------------------+-----------+---------------+----------------------+------------------------+------------+----------------------------------------+


+----------------------------------------------------------------+
; Parameter Settings for User Entity Instance: basicclock:inst2  ;
+----------------+-----------------------------+-----------------+
; Parameter Name ; Value                       ; Type            ;
+----------------+-----------------------------+-----------------+
; decsec         ; 000001001100010010110011111 ; Unsigned Binary ;
+----------------+-----------------------------+-----------------+
Note: In order to hide this table in the UI and the text report file, please set the "Show Parameter Settings in Synthesis Report" option in "Analysis and Synthesis Settings -> More Settings" to "Off".


+-----------------------------------------------------------------------------------+
; Parameter Settings for Inferred Entity Instance: basicclock:inst2|lpm_divide:Div0 ;
+------------------------+----------------+-----------------------------------------+
; Parameter Name         ; Value          ; Type                                    ;
+------------------------+----------------+-----------------------------------------+
; LPM_WIDTHN             ; 6              ; Untyped                                 ;
; LPM_WIDTHD             ; 4              ; Untyped                                 ;
; LPM_NREPRESENTATION    ; UNSIGNED       ; Untyped                                 ;
; LPM_DREPRESENTATION    ; UNSIGNED       ; Untyped                                 ;
; LPM_PIPELINE           ; 0              ; Untyped                                 ;
; LPM_REMAINDERPOSITIVE  ; TRUE           ; Untyped                                 ;
; MAXIMIZE_SPEED         ; 5              ; Untyped                                 ;
; CBXI_PARAMETER         ; lpm_divide_vcm ; Untyped                                 ;
; CARRY_CHAIN            ; MANUAL         ; Untyped                                 ;
; OPTIMIZE_FOR_SPEED     ; 5              ; Untyped                                 ;
; AUTO_CARRY_CHAINS      ; ON             ; AUTO_CARRY                              ;
; IGNORE_CARRY_BUFFERS   ; OFF            ; IGNORE_CARRY                            ;
; AUTO_CASCADE_CHAINS    ; ON             ; AUTO_CASCADE                            ;
; IGNORE_CASCADE_BUFFERS ; OFF            ; IGNORE_CASCADE                          ;
+------------------------+----------------+-----------------------------------------+
Note: In order to hide this table in the UI and the text report file, please set the "Show Parameter Settings in Synthesis Report" option in "Analysis and Synthesis Settings -> More Settings" to "Off".


+-----------------------------------------------------------------------------------+
; Parameter Settings for Inferred Entity Instance: basicclock:inst2|lpm_divide:Mod0 ;
+------------------------+----------------+-----------------------------------------+
; Parameter Name         ; Value          ; Type                                    ;
+------------------------+----------------+-----------------------------------------+
; LPM_WIDTHN             ; 6              ; Untyped                                 ;
; LPM_WIDTHD             ; 4              ; Untyped                                 ;
; LPM_NREPRESENTATION    ; UNSIGNED       ; Untyped                                 ;
; LPM_DREPRESENTATION    ; UNSIGNED       ; Untyped                                 ;
; LPM_PIPELINE           ; 0              ; Untyped                                 ;
; LPM_REMAINDERPOSITIVE  ; TRUE           ; Untyped                                 ;
; MAXIMIZE_SPEED         ; 5              ; Untyped                                 ;
; CBXI_PARAMETER         ; lpm_divide_25m ; Untyped                                 ;
; CARRY_CHAIN            ; MANUAL         ; Untyped                                 ;
; OPTIMIZE_FOR_SPEED     ; 5              ; Untyped                                 ;
; AUTO_CARRY_CHAINS      ; ON             ; AUTO_CARRY                              ;
; IGNORE_CARRY_BUFFERS   ; OFF            ; IGNORE_CARRY                            ;
; AUTO_CASCADE_CHAINS    ; ON             ; AUTO_CASCADE                            ;
; IGNORE_CASCADE_BUFFERS ; OFF            ; IGNORE_CASCADE                          ;
+------------------------+----------------+-----------------------------------------+
Note: In order to hide this table in the UI and the text report file, please set the "Show Parameter Settings in Synthesis Report" option in "Analysis and Synthesis Settings -> More Settings" to "Off".


+-------------------------------+
; Elapsed Time Per Partition    ;
+----------------+--------------+
; Partition Name ; Elapsed Time ;
+----------------+--------------+
; Top            ; 00:00:00     ;
+----------------+--------------+


+-------------------------------+
; Analysis & Synthesis Messages ;
+-------------------------------+
Info: *******************************************************************
Info: Running Quartus II 64-Bit Analysis & Synthesis
    Info: Version 13.0.1 Build 232 06/12/2013 Service Pack 1 SJ Web Edition
    Info: Processing started: Thu May 18 20:05:28 2017
Info: Command: quartus_map --read_settings_files=on --write_settings_files=off stopwatch -c stopwatch
Info (11104): Parallel Compilation has detected 4 hyper-threaded processors. However, the extra hyper-threaded processors will not be used by default. Parallel Compilation will use 2 of the 2 physical processors detected instead.
Info (12021): Found 1 design units, including 1 entities, in source file scankey.v
    Info (12023): Found entity 1: scanKey
Warning (10261): Verilog HDL Event Control warning at basicclock.v(25): Event Control contains a complex event expression
Info (12021): Found 1 design units, including 1 entities, in source file basicclock.v
    Info (12023): Found entity 1: basicclock
Info (12021): Found 1 design units, including 1 entities, in source file clk100ms.v
    Info (12023): Found entity 1: clk100ms
Info (12021): Found 1 design units, including 1 entities, in source file digitleds.v
    Info (12023): Found entity 1: digitleds
Info (12021): Found 1 design units, including 1 entities, in source file spset.v
    Info (12023): Found entity 1: spset
Info (12021): Found 1 design units, including 1 entities, in source file stopwatch.bdf
    Info (12023): Found entity 1: stopwatch
Info (12127): Elaborating entity "stopwatch" for the top level hierarchy
Info (12128): Elaborating entity "digitleds" for hierarchy "digitleds:inst3"
Warning (10230): Verilog HDL assignment warning at digitleds.v(31): truncated value with size 32 to match size of target (17)
Warning (10230): Verilog HDL assignment warning at digitleds.v(42): truncated value with size 9 to match size of target (8)
Warning (10230): Verilog HDL assignment warning at digitleds.v(46): truncated value with size 32 to match size of target (4)
Info (10264): Verilog HDL Case Statement information at digitleds.v(50): all case item expressions in this case statement are onehot
Warning (10230): Verilog HDL assignment warning at digitleds.v(77): truncated value with size 32 to match size of target (1)
Info (12128): Elaborating entity "basicclock" for hierarchy "basicclock:inst2"
Warning (10230): Verilog HDL assignment warning at basicclock.v(27): truncated value with size 32 to match size of target (27)
Warning (10230): Verilog HDL assignment warning at basicclock.v(44): truncated value with size 32 to match size of target (6)
Warning (10230): Verilog HDL assignment warning at basicclock.v(47): truncated value with size 32 to match size of target (6)
Warning (10230): Verilog HDL assignment warning at basicclock.v(51): truncated value with size 32 to match size of target (6)
Warning (10230): Verilog HDL assignment warning at basicclock.v(57): truncated value with size 6 to match size of target (4)
Warning (10230): Verilog HDL assignment warning at basicclock.v(58): truncated value with size 32 to match size of target (4)
Warning (10230): Verilog HDL assignment warning at basicclock.v(59): truncated value with size 32 to match size of target (4)
Warning (10230): Verilog HDL assignment warning at basicclock.v(60): truncated value with size 6 to match size of target (4)
Info (12128): Elaborating entity "spset" for hierarchy "spset:inst1"
Info (12128): Elaborating entity "scanKey" for hierarchy "scanKey:inst4"
Info (12128): Elaborating entity "clk100ms" for hierarchy "clk100ms:inst"
Info (278001): Inferred 2 megafunctions from design logic
    Info (278004): Inferred divider/modulo megafunction ("lpm_divide") from the following logic: "basicclock:inst2|Div0"
    Info (278004): Inferred divider/modulo megafunction ("lpm_divide") from the following logic: "basicclock:inst2|Mod0"
Info (12130): Elaborated megafunction instantiation "basicclock:inst2|lpm_divide:Div0"
Info (12133): Instantiated megafunction "basicclock:inst2|lpm_divide:Div0" with the following parameter:
    Info (12134): Parameter "LPM_WIDTHN" = "6"
    Info (12134): Parameter "LPM_WIDTHD" = "4"
    Info (12134): Parameter "LPM_NREPRESENTATION" = "UNSIGNED"
    Info (12134): Parameter "LPM_DREPRESENTATION" = "UNSIGNED"
Info (12021): Found 1 design units, including 1 entities, in source file db/lpm_divide_vcm.tdf
    Info (12023): Found entity 1: lpm_divide_vcm
Info (12021): Found 1 design units, including 1 entities, in source file db/sign_div_unsign_9kh.tdf
    Info (12023): Found entity 1: sign_div_unsign_9kh
Info (12021): Found 1 design units, including 1 entities, in source file db/alt_u_div_kve.tdf
    Info (12023): Found entity 1: alt_u_div_kve
Info (12021): Found 1 design units, including 1 entities, in source file db/add_sub_lkc.tdf
    Info (12023): Found entity 1: add_sub_lkc
Info (12021): Found 1 design units, including 1 entities, in source file db/add_sub_mkc.tdf
    Info (12023): Found entity 1: add_sub_mkc
Info (12130): Elaborated megafunction instantiation "basicclock:inst2|lpm_divide:Mod0"
Info (12133): Instantiated megafunction "basicclock:inst2|lpm_divide:Mod0" with the following parameter:
    Info (12134): Parameter "LPM_WIDTHN" = "6"
    Info (12134): Parameter "LPM_WIDTHD" = "4"
    Info (12134): Parameter "LPM_NREPRESENTATION" = "UNSIGNED"
    Info (12134): Parameter "LPM_DREPRESENTATION" = "UNSIGNED"
Info (12021): Found 1 design units, including 1 entities, in source file db/lpm_divide_25m.tdf
    Info (12023): Found entity 1: lpm_divide_25m
Info (16010): Generating hard_block partition "hard_block:auto_generated_inst"
    Info (16011): Adding 0 node(s), including 0 DDIO, 0 PLL, 0 transceiver and 0 LCELL
Info (21057): Implemented 313 device resources after synthesis - the final resource count might be different
    Info (21058): Implemented 4 input pins
    Info (21059): Implemented 10 output pins
    Info (21061): Implemented 299 logic cells
Info: Quartus II 64-Bit Analysis & Synthesis was successful. 0 errors, 13 warnings
    Info: Peak virtual memory: 625 megabytes
    Info: Processing ended: Thu May 18 20:05:30 2017
    Info: Elapsed time: 00:00:02
    Info: Total CPU time (on all processors): 00:00:02


